<?xml version="1.0" encoding="UTF-8"?>
<!-- Generated by org.testng.reporters.JUnitReportReporter -->
<testsuite hostname="MSI" failures="0" tests="7" name="com.TestNg.ProritizeMethod" time="0.013" errors="0" timestamp="2024-01-04T12:38:08 IST" skipped="0">
  <testcase classname="com.TestNg.ProritizeMethod" name="signup" time="0.007"/>
  <system-out/>
  <testcase classname="com.TestNg.ProritizeMethod" name="signIn" time="0.000"/>
  <system-out/>
  <testcase classname="com.TestNg.ProritizeMethod" name="search" time="0.001"/>
  <system-out/>
  <testcase classname="com.TestNg.ProritizeMethod" name="book" time="0.000"/>
  <system-out/>
  <testcase classname="com.TestNg.ProritizeMethod" name="save" time="0.001"/>
  <system-out/>
  <testcase classname="com.TestNg.ProritizeMethod" name="pay" time="0.002"/>
  <system-out/>
  <testcase classname="com.TestNg.ProritizeMethod" name="logoff" time="0.002"/>
  <system-out/>
</testsuite> <!-- com.TestNg.ProritizeMethod -->
