<?xml version="1.0" encoding="UTF-8"?>
<!-- Generated by org.testng.reporters.JUnitReportReporter -->
<testsuite hostname="MSI" failures="0" tests="2" name="com.TestNg.Test2" time="3.455" errors="0" timestamp="2024-01-04T09:46:20 IST" skipped="0">
  <testcase classname="com.TestNg.Test2" name="test1" time="0.842"/>
  <system-out/>
  <testcase classname="com.TestNg.Test2" name="test2" time="2.613"/>
  <system-out/>
</testsuite> <!-- com.TestNg.Test2 -->
