<?xml version="1.0" encoding="UTF-8"?>
<!-- Generated by org.testng.reporters.JUnitReportReporter -->
<testsuite hostname="MSI" failures="0" tests="2" name="com.TestNg.NewTest" time="0.010" errors="0" timestamp="2024-01-04T12:59:05 IST" skipped="0">
  <testcase classname="com.TestNg.NewTest" name="test6" time="0.001"/>
  <system-out/>
  <testcase classname="com.TestNg.NewTest" name="test1" time="0.009"/>
  <system-out/>
</testsuite> <!-- com.TestNg.NewTest -->
