<?xml version="1.0" encoding="UTF-8"?>
<!-- Generated by org.testng.reporters.JUnitReportReporter -->
<testsuite hostname="MSI" failures="0" tests="2" name="com.TestNg.NewTest1" time="0.003" errors="0" timestamp="2024-01-04T12:59:05 IST" skipped="0">
  <testcase classname="com.TestNg.NewTest1" name="test4" time="0.001"/>
  <system-out/>
  <testcase classname="com.TestNg.NewTest1" name="test3" time="0.002"/>
  <system-out/>
</testsuite> <!-- com.TestNg.NewTest1 -->
