<?xml version="1.0" encoding="UTF-8"?>
<!-- Generated by org.testng.reporters.JUnitReportReporter -->
<testsuite hostname="MSI" failures="0" tests="2" name="com.TestNg.Test3" time="6.178" errors="0" timestamp="2024-01-04T13:13:55 IST" skipped="0">
  <testcase classname="com.TestNg.Test3" name="test2" time="4.482"/>
  <system-out/>
  <testcase classname="com.TestNg.Test3" name="test1" time="1.696"/>
  <system-out/>
</testsuite> <!-- com.TestNg.Test3 -->
